<?xml version="1.0" encoding="UTF-8"?>
<testng-results skipped="0" failed="0" total="1" passed="1">
  <reporter-output>
  </reporter-output>
  <suite name="Default suite" duration-ms="58" started-at="2019-02-26T16:14:54Z" finished-at="2019-02-26T16:14:54Z">
    <groups>
    </groups>
    <test name="Default test" duration-ms="58" started-at="2019-02-26T16:14:54Z" finished-at="2019-02-26T16:14:54Z">
      <class name="pack1.Demo1">
        <test-method status="PASS" signature="test()[pri:0, instance:pack1.Demo1@2344fc66]" name="test" duration-ms="20" started-at="2019-02-26T11:14:54Z" finished-at="2019-02-26T11:14:54Z">
          <reporter-output>
          </reporter-output>
        </test-method> <!-- test -->
      </class> <!-- pack1.Demo1 -->
    </test> <!-- Default test -->
  </suite> <!-- Default suite -->
</testng-results>
